0 info it worked if it ends with ok
1 verbose cli [ 'C:\\Users\\Douglas\\AppData\\Local\\.meteor\\packages\\meteor-tool\\1.4.2_6\\mt-os.windows.x86_32\\dev_bundle\\bin\\node.exe',
1 verbose cli   'C:\\Users\\Douglas\\AppData\\Local\\.meteor\\packages\\meteor-tool\\1.4.2_6\\mt-os.windows.x86_32\\dev_bundle\\lib\\node_modules\\npm\\bin\\npm-cli.js',
1 verbose cli   'start' ]
2 info using npm@4.1.2
3 info using node@v4.7.3
4 verbose run-script [ 'prestart', 'start', 'poststart' ]
5 info lifecycle kHome@~prestart: kHome@
6 silly lifecycle kHome@~prestart: no script for prestart, continuing
7 info lifecycle kHome@~start: kHome@
8 verbose lifecycle kHome@~start: unsafe-perm in lifecycle true
9 verbose lifecycle kHome@~start: PATH: C:\Users\Douglas\AppData\Local\.meteor\packages\meteor-tool\1.4.2_6\mt-os.windows.x86_32\dev_bundle\lib\node_modules\npm\bin\node-gyp-bin;C:\GIT\kHome\node_modules\.bin;C:\Users\Douglas\AppData\Local\.meteor\packages\meteor-tool\1.4.2_6\mt-os.windows.x86_32\dev_bundle\bin;C:\Users\Douglas\AppData\Local\.meteor\packages\meteor-tool\1.4.2_6\mt-os.windows.x86_32\dev_bundle\lib\node_modules\.bin;C:\Python27\;C:\Python27\Scripts;C:\ProgramData\Oracle\Java\javapath;C:\Windows\system32;C:\Windows;C:\Windows\System32\Wbem;C:\Windows\System32\WindowsPowerShell\v1.0\;C:\Program Files (x86)\NVIDIA Corporation\PhysX\Common;C:\Program Files (x86)\Brackets\command;C:\WINDOWS\system32;C:\WINDOWS;C:\WINDOWS\System32\Wbem;C:\WINDOWS\System32\WindowsPowerShell\v1.0\;C:\Program Files (x86)\Skype\Phone\;C:\Program Files (x86)\GtkSharp\2.12\bin;C:\Program Files (x86)\Windows Kits\10\Windows Performance Toolkit\;C:\Program Files\leJOS EV3\bin;C:\Program Files (x86)\Xoreax\IncrediBuild;C:\ffmpeg\bin;C:\Program Files\nodejs;C:\Program Files\nodejs\;C:\Users\Douglas\AppData\Local\Programs\Python\Python35-32\Scripts\;C:\Users\Douglas\AppData\Local\Programs\Python\Python35-32\;C:\NVPACK\android-sdk-windows\tools;C:\NVPACK\gradle-2.9\bin;C:\NVPACK\apache-ant-1.8.2\bin;C:\NVPACK\jdk1.8.0_77\bin;C:\NVPACK\android-ndk-r12b;C:\NVPACK\android-sdk-windows\extras\android\support;C:\NVPACK\android-sdk-windows\build-tools;C:\NVPACK\android-sdk-windows\platform-tools;C:\Ruby23-x64\bin;C:\Users\Douglas\AppData\Local\Microsoft\WindowsApps;C:\Program Files (x86)\Microsoft VS Code\bin;C:\Program Files (x86)\Microsoft VS Code\bin;C:\Program Files (x86)\Microsoft VS Code\bin;C:\Users\Douglas\AppData\Local\atom\bin;C:\Users\Douglas\AppData\Local\.meteor\;C:\Users\Douglas\AppData\Roaming\npm
10 verbose lifecycle kHome@~start: CWD: C:\GIT\kHome
11 silly lifecycle kHome@~start: Args: [ '/d /s /c', 'meteor run --settings settings.json' ]
12 silly lifecycle kHome@~start: Returned: code: 254  signal: null
13 info lifecycle kHome@~start: Failed to exec start script
14 verbose stack Error: kHome@ start: `meteor run --settings settings.json`
14 verbose stack Exit status 254
14 verbose stack     at EventEmitter.<anonymous> (C:\Users\Douglas\AppData\Local\.meteor\packages\meteor-tool\1.4.2_6\mt-os.windows.x86_32\dev_bundle\lib\node_modules\npm\lib\utils\lifecycle.js:279:16)
14 verbose stack     at emitTwo (events.js:87:13)
14 verbose stack     at EventEmitter.emit (events.js:172:7)
14 verbose stack     at ChildProcess.<anonymous> (C:\Users\Douglas\AppData\Local\.meteor\packages\meteor-tool\1.4.2_6\mt-os.windows.x86_32\dev_bundle\lib\node_modules\npm\lib\utils\spawn.js:40:14)
14 verbose stack     at emitTwo (events.js:87:13)
14 verbose stack     at ChildProcess.emit (events.js:172:7)
14 verbose stack     at maybeClose (internal/child_process.js:854:16)
14 verbose stack     at Process.ChildProcess._handle.onexit (internal/child_process.js:222:5)
15 verbose pkgid kHome@
16 verbose cwd C:\GIT\kHome
17 error Windows_NT 10.0.14393
18 error argv "C:\\Users\\Douglas\\AppData\\Local\\.meteor\\packages\\meteor-tool\\1.4.2_6\\mt-os.windows.x86_32\\dev_bundle\\bin\\node.exe" "C:\\Users\\Douglas\\AppData\\Local\\.meteor\\packages\\meteor-tool\\1.4.2_6\\mt-os.windows.x86_32\\dev_bundle\\lib\\node_modules\\npm\\bin\\npm-cli.js" "start"
19 error node v4.7.3
20 error npm  v4.1.2
21 error code ELIFECYCLE
22 error kHome@ start: `meteor run --settings settings.json`
22 error Exit status 254
23 error Failed at the kHome@ start script 'meteor run --settings settings.json'.
23 error Make sure you have the latest version of node.js and npm installed.
23 error If you do, this is most likely a problem with the kHome package,
23 error not with npm itself.
23 error Tell the author that this fails on your system:
23 error     meteor run --settings settings.json
23 error You can get information on how to open an issue for this project with:
23 error     npm bugs kHome
23 error Or if that isn't available, you can get their info via:
23 error     npm owner ls kHome
23 error There is likely additional logging output above.
24 verbose exit [ 1, true ]
