14:45:15 | 
14:45:15 | Logged in as みく#3515
14:45:43 | 
14:45:43 | Logged in as みく#3515
14:46:27 | 
14:46:27 | Logged in as みく#3515
14:47:54 | [2018-2-28 14:47:43] User Templar Shield#9651 is online
14:47:54 | [2018-2-28 14:47:54] User illusions#2391 is offline
14:51:33 | [2018-2-28 14:51:33] User illusions#2391 is online
14:54:05 | [2018-2-28 14:54:05] User Templar Shield#9651 is idle
14:55:07 | [2018-2-28 14:55:07] User Templar Shield#9651 is online
15:08:45 | Logged in as みく#3515
15:08:45 | 
15:10:41 | 
15:10:41 | Logged in as みく#3515
15:14:53 | 
15:14:53 | Logged in as みく#3515
15:15:09 | Logged in as みく#3515
15:15:09 | 
15:15:25 | 
15:15:25 | Logged in as みく#3515
15:15:37 | 
15:15:37 | Logged in as みく#3515
15:15:45 | 
15:15:45 | Logged in as みく#3515
15:15:57 | Logged in as みく#3515
15:15:57 | 
15:18:41 | 
15:18:41 | Logged in as みく#3515
15:19:57 | [2018-2-28 15:19:57] User illusions#2391 is offline
15:20:45 | Logged in as みく#3515
15:20:45 | 
15:21:53 | Logged in as みく#3515
15:21:53 | 
15:22:29 | Logged in as みく#3515
15:22:29 | 
15:24:21 | 
15:24:21 | Logged in as みく#3515
15:25:17 | 
15:25:17 | Logged in as みく#3515
15:25:45 | Logged in as みく#3515
15:25:45 | 
15:25:55 | [2018-2-28 15:25:55] User NEBMAN27#5614 is online
15:30:03 | [2018-2-28 15:30:03] User NEBMAN27#5614 is offline
15:30:06 | 
15:30:06 | Logged in as みく#3515
15:30:37 | Logged in as みく#3515
15:30:37 | 
15:32:22 | 
15:32:22 | Logged in as みく#3515
15:32:47 | [2018-2-28 15:32:47] User NEBMAN27#5614 is offline
15:33:17 | [2018-2-28 15:33:17] User dino_inc#0817 is online
15:33:54 | Logged in as みく#3515
15:33:54 | 
15:34:02 | Logged in as みく#3515
15:34:02 | 
15:34:13 | [2018-2-28 15:34:13] User Delta#3094 is online
15:34:26 | Logged in as みく#3515
15:34:26 | 
15:41:38 | [2018-2-28 15:41:38] User Templar Shield#9651 is now playing Hearthstone (0)
15:44:54 | Logged in as みく#3515
15:44:54 | 
15:46:38 | [2018-2-28 15:46:38] User SForsyth#1642 is idle
15:48:23 | [2018-2-28 15:48:23] User SForsyth#1642 is offline
16:16:00 | [2018-2-28 16:16:00] User Stephen#0453 is online
16:18:32 | [2018-2-28 16:18:32] User SForsyth#1642 is idle
16:18:35 | [2018-2-28 16:18:35] User SForsyth#1642 is online
16:20:17 | [2018-2-28 16:20:17] User Templar Shield#9651 is now playing Hearthstone (0)
16:28:17 | Logged in as みく#3515
16:28:17 | 
16:28:28 | Logged in as みく#3515
16:28:28 | 
16:28:40 | 
16:28:44 | Logged in as みく#3515
16:28:56 | Logged in as みく#3515
16:28:56 | 
16:29:10 | [2018-2-28 16:29:10] User Stephen#0453 is idle
16:33:33 | 
16:33:33 | Logged in as みく#3515
16:35:00 | [2018-2-28 16:34:59] User SForsyth#1642 is idle
16:35:59 | [2018-2-28 16:35:59] User SForsyth#1642 is online
16:37:13 | Logged in as みく#3515
16:37:13 | 
16:38:41 | Logged in as みく#3515
16:38:41 | 
16:39:01 | Logged in as みく#3515
16:39:01 | 
16:43:25 | 
16:43:25 | Logged in as みく#3515
16:43:47 | Logged in as みく#3515
16:43:47 | 
16:44:13 | Logged in as みく#3515
16:44:13 | 
16:45:09 | Logged in as みく#3515
16:45:09 | 
16:45:29 | Logged in as みく#3515
16:45:29 | 
16:45:59 | [2018-2-28 16:45:59] User SForsyth#1642 is idle
16:55:06 | [2018-2-28 16:55:06] User Stephen#0453 is online
17:02:01 | [2018-2-28 17:02:01] User THAT DUDE#8674 is offline
17:04:01 | [2018-2-28 17:04:01] User THAT DUDE#8674 is offline
17:04:19 | [2018-2-28 17:04:19] User THAT DUDE#8674 is offline
17:06:19 | [2018-2-28 17:06:19] User THAT DUDE#8674 is offline
17:10:42 | [2018-2-28 17:10:42] User THAT DUDE#8674 is offline
17:12:42 | [2018-2-28 17:12:42] User THAT DUDE#8674 is offline
17:13:32 | [2018-2-28 17:13:32] User dino_inc#0817 is now playing Spotify (2)
17:13:47 | [2018-2-28 17:13:47] User dino_inc#0817 is now playing Spotify (2)
17:14:04 | [2018-2-28 17:14:04] User dino_inc#0817 is no longer playing Spotify
17:14:19 | [2018-2-28 17:14:19] User dino_inc#0817 is now playing Spotify (2)
17:14:30 | [2018-2-28 17:14:30] User dino_inc#0817 is now playing Spotify (2)
17:20:40 | [2018-2-28 17:20:40] User dino_inc#0817 is now playing Spotify (2)
17:20:55 | [2018-2-28 17:20:55] User dino_inc#0817 is now playing Spotify (2)
17:21:10 | [2018-2-28 17:21:10] User dino_inc#0817 is now playing Spotify (2)
17:24:16 | [2018-2-28 17:24:16] User dino_inc#0817 is no longer playing Spotify
17:27:16 | [2018-2-28 17:27:16] User dino_inc#0817 is now playing Spotify (2)
17:28:35 | [2018-2-28 17:28:35] User dino_inc#0817 is now playing Spotify (2)
17:33:38 | [2018-2-28 17:33:38] User dino_inc#0817 is now playing Spotify (2)
17:36:04 | [2018-2-28 17:36:04] User KooTheGreat#4805 is idle
17:36:29 | [2018-2-28 17:36:29] User KooTheGreat#4805 is online
17:37:05 | [2018-2-28 17:37:05] User dino_inc#0817 is now playing Spotify (2)
17:40:35 | [2018-2-28 17:40:35] User dino_inc#0817 is now playing Spotify (2)
17:40:50 | [2018-2-28 17:40:50] User dino_inc#0817 is now playing Spotify (2)
17:42:12 | [2018-2-28 17:42:12] User SForsyth#1642 is online
